0 info it worked if it ends with ok
1 verbose cli [ '/usr/local/bin/node', '/usr/local/bin/npm', 'link' ]
2 info using npm@3.10.10
3 info using node@v8.16.1
4 verbose linkPkg /Users/zhucuicui/memo/website
5 silly gentlyRm /usr/local/lib/node_modules/website is being purged
6 verbose gentlyRm don't care about contents; nuking /usr/local/lib/node_modules/website
7 verbose stack Error: EACCES: permission denied, symlink '/Users/zhucuicui/memo/website' -> '/usr/local/lib/node_modules/website'
8 verbose cwd /Users/zhucuicui/memo/website
9 error Darwin 17.7.0
10 error argv "/usr/local/bin/node" "/usr/local/bin/npm" "link"
11 error node v8.16.1
12 error npm  v3.10.10
13 error path /Users/zhucuicui/memo/website
14 error code EACCES
15 error errno -13
16 error syscall symlink
17 error Error: EACCES: permission denied, symlink '/Users/zhucuicui/memo/website' -> '/usr/local/lib/node_modules/website'
17 error  { Error: EACCES: permission denied, symlink '/Users/zhucuicui/memo/website' -> '/usr/local/lib/node_modules/website'
17 error   errno: -13,
17 error   code: 'EACCES',
17 error   syscall: 'symlink',
17 error   path: '/Users/zhucuicui/memo/website',
17 error   dest: '/usr/local/lib/node_modules/website' }
18 error Please try running this command again as root/Administrator.
19 verbose exit [ -13, true ]
